#------------------------------------------------------------
#    Intel (R) MPI Benchmarks 2018, MPI-1 part    
#------------------------------------------------------------
# Date                  : Thu Mar  7 12:08:56 2019
# Machine               : x86_64
# System                : Linux
# Release               : 3.10.0-327.36.3.el7.x86_64
# Version               : #1 SMP Mon Oct 24 16:09:20 UTC 2016
# MPI Version           : 3.1
# MPI Thread Environment: 


# Calling sequence was: 

# /lustre/home/z04/aturner/benchmark/imb/mpi-benchmarks/src/IMB-MPI1_mpt216 -npmin 576 PingPong Alltoallv Allgatherv

# Minimum message length in bytes:   0
# Maximum message length in bytes:   4194304
#
# MPI_Datatype                   :   MPI_BYTE 
# MPI_Datatype for reductions    :   MPI_FLOAT
# MPI_Op                         :   MPI_SUM  
#
#

# List of Benchmarks to run:

# PingPong
# Alltoallv
# Allgatherv

#---------------------------------------------------
# Benchmarking PingPong 
# #processes = 2 
# ( 574 additional processes waiting in MPI_Barrier)
#---------------------------------------------------
       #bytes #repetitions      t[usec]   Mbytes/sec
            0         1000         0.64         0.00
            1         1000         0.61         1.63
            2         1000         0.63         3.19
            4         1000         0.62         6.40
            8         1000         0.61        13.12
           16         1000         0.60        26.68
           32         1000         0.61        52.15
           64         1000         0.54       119.20
          128         1000         0.69       185.73
          256         1000         0.69       368.83
          512         1000         0.73       697.59
         1024         1000         0.84      1215.95
         2048         1000         1.00      2040.00
         4096         1000         1.40      2930.01
         8192         1000         2.31      3551.43
        16384         1000         4.03      4064.03
        32768         1000         7.27      4508.35
        65536          640        13.90      4713.33
       131072          320        32.49      4034.65
       262144          160        54.36      4822.51
       524288           80        95.31      5501.14
      1048576           40       176.22      5950.34
      2097152           20       334.72      6265.48
      4194304           10       653.61      6417.12

#----------------------------------------------------------------
# Benchmarking Alltoallv 
# #processes = 576 
#----------------------------------------------------------------
       #bytes #repetitions  t_min[usec]  t_max[usec]  t_avg[usec]
            0         1000         7.67         7.98         7.71
            1         1000      4589.80      5257.91      4880.25
            2         1000      4581.71      5387.52      4977.12
            4         1000      4583.74      5403.70      4983.03
            8         1000      4572.21      5386.21      4969.88
           16         1000      4687.78      5457.07      5078.08
           32         1000      4706.07      5500.53      5113.37
           64         1000      4600.26      5337.00      4978.42
          128         1000      4850.35      6067.93      5479.61
          256         1000      4875.93      6095.17      5500.99
          512         1000      4983.63      6184.43      5537.93
         1024         1000      6176.83      8231.78      7361.13
         2048          788     10030.25     12659.30     11788.47
         4096          406     19004.51     24316.75     22107.38
         8192          212     37396.55     47464.57     44135.34
        16384          107     73254.12     93426.70     86998.94
        32768           43    199996.58    235526.34    228832.12
        65536           21    437308.11    489401.32    478947.12
       131072           14    574102.63    738654.10    692317.41
       262144            7   3248459.66   3575815.78   3525596.75
       524288            4  21092717.29  21782821.00  21648736.10
      1048576 out-of-mem.; needed X=   1.126 GB; use flag "-mem X" or MAX_MEM_USAGE>=X (IMB_mem_info.h)
      2097152 out-of-mem.; needed X=   2.251 GB; use flag "-mem X" or MAX_MEM_USAGE>=X (IMB_mem_info.h)
      4194304 int-overflow.; The production rank*size caused int overflow for given sample

#----------------------------------------------------------------
# Benchmarking Allgatherv 
# #processes = 576 
#----------------------------------------------------------------
       #bytes #repetitions  t_min[usec]  t_max[usec]  t_avg[usec]
            0         1000       291.95       329.42       314.47
            1         1000       313.97       354.39       337.80
            2         1000       338.12       386.07       361.67
            4         1000       337.30       372.87       358.20
            8         1000       337.94       375.99       359.79
           16         1000       337.00       381.03       360.31
           32         1000       340.96       395.18       367.98
           64         1000       341.09       392.05       369.13
          128         1000       381.65       506.73       424.46
          256         1000       369.56       455.49       412.86
          512         1000       522.24       734.60       623.39
         1024         1000      1868.35      2294.89      2121.77
         2048         1000       946.84      1233.72      1085.37
         4096         1000      2569.47      3578.27      3040.33
         8192         1000      4761.75      5507.32      5034.71
        16384          548      9846.65     11246.45     10479.89
        32768          252     17358.17     21259.16     19279.66
        65536          252     37103.11     38578.60     37725.63
       131072          176     68042.78     73301.23     70542.41
       262144           87    154079.38    161992.77    157255.39
       524288           45    275271.07    283032.85    278853.16
      1048576            8  22843668.49  22937898.03  22893454.98
      2097152 out-of-mem.; needed X=   1.128 GB; use flag "-mem X" or MAX_MEM_USAGE>=X (IMB_mem_info.h)
      4194304 int-overflow.; The production rank*size caused int overflow for given sample


# All processes entering MPI_Finalize

