#------------------------------------------------------------
#    Intel (R) MPI Benchmarks 2018, MPI-1 part    
#------------------------------------------------------------
# Date                  : Wed Mar 13 20:40:12 2019
# Machine               : x86_64
# System                : Linux
# Release               : 3.10.0-327.36.3.el7.x86_64
# Version               : #1 SMP Mon Oct 24 16:09:20 UTC 2016
# MPI Version           : 3.1
# MPI Thread Environment: 


# Calling sequence was: 

# /lustre/home/z04/aturner/benchmark/imb/mpi-benchmarks/src/IMB-MPI1_mpt216 -mem 4 -npmin 2 Sendrecv

# Minimum message length in bytes:   0
# Maximum message length in bytes:   4194304
#
# MPI_Datatype                   :   MPI_BYTE 
# MPI_Datatype for reductions    :   MPI_FLOAT
# MPI_Op                         :   MPI_SUM  
#
#

# List of Benchmarks to run:

# Sendrecv

#-----------------------------------------------------------------------------
# Benchmarking Sendrecv 
# #processes = 2 
#-----------------------------------------------------------------------------
       #bytes #repetitions  t_min[usec]  t_max[usec]  t_avg[usec]   Mbytes/sec
            0         1000         1.67         1.67         1.67         0.00
            1         1000         1.65         1.65         1.65         1.21
            2         1000         1.65         1.65         1.65         2.42
            4         1000         1.65         1.65         1.65         4.85
            8         1000         1.62         1.62         1.62         9.89
           16         1000         1.67         1.67         1.67        19.21
           32         1000         1.71         1.71         1.71        37.48
           64         1000         1.72         1.72         1.72        74.32
          128         1000         2.10         2.11         2.11       121.52
          256         1000         2.17         2.17         2.17       235.72
          512         1000         2.29         2.29         2.29       446.41
         1024         1000         2.59         2.60         2.59       788.92
         2048         1000         3.19         3.20         3.19      1281.66
         4096         1000         4.24         4.25         4.24      1929.78
         8192         1000         5.99         5.99         5.99      2735.39
        16384         1000         9.93         9.93         9.93      3300.01
        32768         1000        13.04        13.04        13.04      5025.49
        65536          640        25.94        25.94        25.94      5052.50
       131072          320        35.83        35.83        35.83      7315.53
       262144          160        65.18        65.19        65.19      8042.21
       524288           80        97.26        97.26        97.26     10780.96
      1048576           40       179.39       179.40       179.39     11689.79
      2097152           20       342.86       342.88       342.87     12232.71
      4194304           10       670.09       670.14       670.12     12517.62


# All processes entering MPI_Finalize

