#------------------------------------------------------------
#    Intel (R) MPI Benchmarks 2018, MPI-1 part    
#------------------------------------------------------------
# Date                  : Thu Mar  7 11:52:53 2019
# Machine               : x86_64
# System                : Linux
# Release               : 3.10.0-327.36.3.el7.x86_64
# Version               : #1 SMP Mon Oct 24 16:09:20 UTC 2016
# MPI Version           : 3.1
# MPI Thread Environment: 


# Calling sequence was: 

# /lustre/home/z04/aturner/benchmark/imb/mpi-benchmarks/src/IMB-MPI1_mpt216 -npmin 144 PingPong Alltoallv Allgatherv

# Minimum message length in bytes:   0
# Maximum message length in bytes:   4194304
#
# MPI_Datatype                   :   MPI_BYTE 
# MPI_Datatype for reductions    :   MPI_FLOAT
# MPI_Op                         :   MPI_SUM  
#
#

# List of Benchmarks to run:

# PingPong
# Alltoallv
# Allgatherv

#---------------------------------------------------
# Benchmarking PingPong 
# #processes = 2 
# ( 142 additional processes waiting in MPI_Barrier)
#---------------------------------------------------
       #bytes #repetitions      t[usec]   Mbytes/sec
            0         1000         0.82         0.00
            1         1000         0.80         1.25
            2         1000         0.77         2.61
            4         1000         0.76         5.27
            8         1000         0.76        10.52
           16         1000         0.74        21.69
           32         1000         0.75        42.74
           64         1000         0.70        91.64
          128         1000         0.91       141.39
          256         1000         0.99       258.35
          512         1000         1.04       490.03
         1024         1000         1.21       849.51
         2048         1000         1.39      1471.43
         4096         1000         1.88      2183.54
         8192         1000         2.95      2779.64
        16384         1000         4.70      3486.34
        32768         1000         7.46      4390.58
        65536          640        13.76      4762.39
       131072          320        32.19      4071.66
       262144          160        53.92      4862.09
       524288           80        94.75      5533.34
      1048576           40       174.07      6023.80
      2097152           20       332.77      6302.02
      4194304           10       651.37      6439.20

#----------------------------------------------------------------
# Benchmarking Alltoallv 
# #processes = 144 
#----------------------------------------------------------------
       #bytes #repetitions  t_min[usec]  t_max[usec]  t_avg[usec]
            0         1000         2.12         2.58         2.16
            1         1000       118.36       153.89       141.78
            2         1000       116.77       178.69       149.85
            4         1000       118.12       157.94       140.72
            8         1000       157.72       231.82       194.46
           16         1000       244.49       327.97       290.81
           32         1000       243.55       322.68       287.58
           64         1000       259.63       379.46       325.42
          128         1000       349.87       436.77       403.50
          256         1000       393.46       490.60       457.55
          512         1000       547.42       698.27       657.01
         1024         1000       916.17      1204.60      1118.70
         2048         1000      1697.42      2206.50      2055.88
         4096         1000      3402.40      4274.92      4040.03
         8192         1000      7834.13     10230.61      9412.36
        16384          534     11932.48     15586.29     14603.57
        32768          336     36225.93     41885.96     40410.58
        65536          126     81108.15     85057.41     84015.63
       131072           66    135915.36    144511.62    142150.80
       262144           55    256985.80    268234.95    265303.77
       524288           19    541223.12    583072.30    570422.81
      1048576            9   2094277.40   2152468.20   2135086.30
      2097152            5  12594575.26  12627186.93  12615292.65
      4194304 out-of-mem.; needed X=   1.126 GB; use flag "-mem X" or MAX_MEM_USAGE>=X (IMB_mem_info.h)

#----------------------------------------------------------------
# Benchmarking Allgatherv 
# #processes = 144 
#----------------------------------------------------------------
       #bytes #repetitions  t_min[usec]  t_max[usec]  t_avg[usec]
            0         1000        59.81       104.19        72.43
            1         1000        81.04        99.95        94.13
            2         1000        83.26       108.76        97.93
            4         1000        83.20       113.69        99.87
            8         1000        83.56       103.47        96.64
           16         1000        83.84       102.26        96.46
           32         1000        85.56       105.58        98.96
           64         1000        82.65       102.55        96.03
          128         1000       103.27       125.28       119.10
          256         1000       115.55       149.02       135.51
          512         1000       178.09       200.11       193.17
         1024         1000       229.89       295.02       261.60
         2048         1000       328.33       414.46       367.75
         4096         1000       467.84       591.41       534.56
         8192         1000       713.34       927.03       812.15
        16384         1000      1654.77      2297.93      2051.70
        32768         1000      3713.32      3904.76      3812.85
        65536          640      7604.10      7935.68      7758.59
       131072          320     15287.01     17078.83     16394.25
       262144          160     29235.96     31730.13     30064.25
       524288           80     60200.34     60582.34     60362.15
      1048576           40    119282.92    120080.34    119589.37
      2097152           20    235364.98    249018.13    239503.64
      4194304            8  18820600.16  18843927.47  18827748.81


# All processes entering MPI_Finalize

