#------------------------------------------------------------
#    Intel (R) MPI Benchmarks 2018, MPI-1 part    
#------------------------------------------------------------
# Date                  : Wed Mar 13 20:29:28 2019
# Machine               : x86_64
# System                : Linux
# Release               : 3.10.0-327.36.3.el7.x86_64
# Version               : #1 SMP Mon Oct 24 16:09:20 UTC 2016
# MPI Version           : 3.1
# MPI Thread Environment: 


# Calling sequence was: 

# /lustre/home/z04/aturner/benchmark/imb/mpi-benchmarks/src/IMB-MPI1_mpt216 -mem 4 -npmin 2 Sendrecv

# Minimum message length in bytes:   0
# Maximum message length in bytes:   4194304
#
# MPI_Datatype                   :   MPI_BYTE 
# MPI_Datatype for reductions    :   MPI_FLOAT
# MPI_Op                         :   MPI_SUM  
#
#

# List of Benchmarks to run:

# Sendrecv

#-----------------------------------------------------------------------------
# Benchmarking Sendrecv 
# #processes = 2 
#-----------------------------------------------------------------------------
       #bytes #repetitions  t_min[usec]  t_max[usec]  t_avg[usec]   Mbytes/sec
            0         1000         0.58         0.58         0.58         0.00
            1         1000         0.58         0.58         0.58         3.46
            2         1000         0.58         0.58         0.58         6.91
            4         1000         0.59         0.59         0.59        13.67
            8         1000         0.59         0.59         0.59        27.06
           16         1000         0.59         0.59         0.59        54.05
           32         1000         0.57         0.57         0.57       112.09
           64         1000         0.56         0.56         0.56       227.37
          128         1000         0.89         0.89         0.89       287.42
          256         1000         1.02         1.02         1.02       500.39
          512         1000         1.06         1.06         1.06       962.81
         1024         1000         1.18         1.19         1.18      1728.26
         2048         1000         0.95         0.95         0.95      4295.27
         4096         1000         1.03         1.03         1.03      7970.36
         8192         1000         1.28         1.28         1.28     12763.97
        16384         1000         2.21         2.21         2.21     14804.05
        32768         1000         3.51         3.51         3.51     18660.92
        65536          640         5.90         5.90         5.90     22227.62
       131072          320        11.20        11.20        11.20     23403.36
       262144          160        24.72        24.72        24.72     21210.63
       524288           80        56.62        56.62        56.62     18520.47
      1048576           40       122.48       122.48       122.48     17122.20
      2097152           20       244.21       244.22       244.21     17174.48
      4194304           10       393.03       393.04       393.03     21342.88


# All processes entering MPI_Finalize

