#------------------------------------------------------------
#    Intel (R) MPI Benchmarks 2018, MPI-1 part    
#------------------------------------------------------------
# Date                  : Thu Mar  7 11:40:31 2019
# Machine               : x86_64
# System                : Linux
# Release               : 3.10.0-327.36.3.el7.x86_64
# Version               : #1 SMP Mon Oct 24 16:09:20 UTC 2016
# MPI Version           : 3.1
# MPI Thread Environment: 


# Calling sequence was: 

# /lustre/home/z04/aturner/benchmark/imb/mpi-benchmarks/src/IMB-MPI1_mpt216 -npmin 72 PingPong Alltoallv Allgatherv

# Minimum message length in bytes:   0
# Maximum message length in bytes:   4194304
#
# MPI_Datatype                   :   MPI_BYTE 
# MPI_Datatype for reductions    :   MPI_FLOAT
# MPI_Op                         :   MPI_SUM  
#
#

# List of Benchmarks to run:

# PingPong
# Alltoallv
# Allgatherv

#---------------------------------------------------
# Benchmarking PingPong 
# #processes = 2 
# ( 70 additional processes waiting in MPI_Barrier)
#---------------------------------------------------
       #bytes #repetitions      t[usec]   Mbytes/sec
            0         1000         0.66         0.00
            1         1000         0.54         1.86
            2         1000         0.54         3.71
            4         1000         0.54         7.45
            8         1000         0.55        14.57
           16         1000         0.53        30.30
           32         1000         0.53        60.06
           64         1000         0.55       117.27
          128         1000         0.72       178.93
          256         1000         0.73       350.29
          512         1000         0.78       659.62
         1024         1000         0.88      1158.98
         2048         1000         1.08      1903.45
         4096         1000         1.46      2806.19
         8192         1000         2.37      3463.21
        16384         1000         4.12      3978.15
        32768         1000         7.17      4567.83
        65536          640        13.49      4857.79
       131072          320        32.67      4011.98
       262144          160        54.19      4837.49
       524288           80        95.76      5475.12
      1048576           40       175.57      5972.46
      2097152           20       335.66      6247.93
      4194304           10       655.52      6398.45

#----------------------------------------------------------------
# Benchmarking Alltoallv 
# #processes = 72 
#----------------------------------------------------------------
       #bytes #repetitions  t_min[usec]  t_max[usec]  t_avg[usec]
            0         1000         1.17         1.99         1.24
            1         1000        39.71        55.62        48.08
            2         1000        40.63        67.87        54.25
            4         1000        39.15        55.87        47.80
            8         1000        37.25        55.20        45.27
           16         1000        43.10        74.98        59.62
           32         1000        43.23        75.92        60.16
           64         1000        54.92        85.18        70.95
          128         1000        61.74        86.40        77.19
          256         1000        65.41       108.63        93.65
          512         1000        94.15       166.31       138.89
         1024         1000       171.77       276.76       239.22
         2048         1000       303.80       507.41       435.72
         4096         1000       594.69       962.40       839.43
         8192         1000      1229.56      1878.69      1648.77
        16384         1000      2451.91      3792.30      3372.45
        32768         1000      7290.58      7600.74      7487.96
        65536          640     14384.64     15004.96     14784.02
       131072          320     27852.87     29492.05     29106.12
       262144          160     56008.17     58792.00     58110.33
       524288           80    112096.68    117385.32    116179.20
      1048576           40    223693.23    234127.63    231816.07
      2097152           14    925591.11    947192.72    942079.23
      4194304           10   7566795.99   7610329.12   7597953.90

#----------------------------------------------------------------
# Benchmarking Allgatherv 
# #processes = 72 
#----------------------------------------------------------------
       #bytes #repetitions  t_min[usec]  t_max[usec]  t_avg[usec]
            0         1000         9.63        25.11        20.72
            1         1000        30.95        47.33        42.70
            2         1000        31.04        47.79        43.00
            4         1000        31.15        47.95        43.15
            8         1000        31.59        48.58        43.66
           16         1000        31.74        48.79        43.72
           32         1000        32.76        49.97        44.67
           64         1000        32.63        49.54        44.15
          128         1000        51.01        69.85        63.60
          256         1000        55.94        75.09        68.84
          512         1000        76.83        93.58        88.65
         1024         1000       106.36       135.35       124.09
         2048         1000       154.06       223.75       191.79
         4096         1000       286.77       328.65       312.09
         8192         1000       304.84       453.77       383.01
        16384         1000       650.66       680.35       668.73
        32768         1000      1193.44      1299.51      1248.44
        65536          640      3796.97      4107.00      3955.28
       131072          320      7389.98      7461.57      7426.46
       262144          160     14787.27     14893.66     14841.09
       524288           80     30151.17     35040.26     32479.42
      1048576           40     58848.47     59336.73     59092.79
      2097152           20    116207.60    120452.79    117965.68
      4194304           10    232047.62    234748.39    233398.15


# All processes entering MPI_Finalize

