#------------------------------------------------------------
#    Intel (R) MPI Benchmarks 2018, MPI-1 part    
#------------------------------------------------------------
# Date                  : Thu Mar  7 11:38:21 2019
# Machine               : x86_64
# System                : Linux
# Release               : 3.10.0-327.36.3.el7.x86_64
# Version               : #1 SMP Mon Oct 24 16:09:20 UTC 2016
# MPI Version           : 3.1
# MPI Thread Environment: 


# Calling sequence was: 

# /lustre/home/z04/aturner/benchmark/imb/mpi-benchmarks/src/IMB-MPI1_mpt216 -npmin 36 PingPong Alltoallv Allgatherv

# Minimum message length in bytes:   0
# Maximum message length in bytes:   4194304
#
# MPI_Datatype                   :   MPI_BYTE 
# MPI_Datatype for reductions    :   MPI_FLOAT
# MPI_Op                         :   MPI_SUM  
#
#

# List of Benchmarks to run:

# PingPong
# Alltoallv
# Allgatherv

#---------------------------------------------------
# Benchmarking PingPong 
# #processes = 2 
# ( 34 additional processes waiting in MPI_Barrier)
#---------------------------------------------------
       #bytes #repetitions      t[usec]   Mbytes/sec
            0         1000         0.32         0.00
            1         1000         0.32         3.09
            2         1000         0.33         6.09
            4         1000         0.34        11.88
            8         1000         0.32        24.73
           16         1000         0.32        49.59
           32         1000         0.33        98.42
           64         1000         0.32       201.16
          128         1000         0.50       258.24
          256         1000         0.57       448.50
          512         1000         0.60       847.36
         1024         1000         0.71      1432.78
         2048         1000         0.91      2246.06
         4096         1000         1.33      3091.10
         8192         1000         2.13      3849.10
        16384         1000         3.94      4163.47
        32768         1000         7.11      4611.30
        65536          640        13.55      4836.28
       131072          320        31.76      4127.41
       262144          160        53.62      4889.10
       524288           80        95.43      5493.85
      1048576           40       174.09      6023.11
      2097152           20       332.04      6315.97
      4194304           10       649.75      6455.28

#----------------------------------------------------------------
# Benchmarking Alltoallv 
# #processes = 36 
#----------------------------------------------------------------
       #bytes #repetitions  t_min[usec]  t_max[usec]  t_avg[usec]
            0         1000        17.53        17.90        17.70
            1         1000        18.43        18.72        18.57
            2         1000        18.37        18.69        18.53
            4         1000        18.77        19.21        18.96
            8         1000        18.65        19.22        19.00
           16         1000        18.31        18.91        18.71
           32         1000        18.64        19.44        19.04
           64         1000        18.58        19.15        18.84
          128         1000        18.30        18.52        18.41
          256         1000        18.74        19.29        19.05
          512         1000        19.07        19.21        19.15
         1024         1000        20.47        20.90        20.71
         2048         1000        23.63        24.07        23.88
         4096         1000        34.89        35.63        35.27
         8192         1000        54.44        54.83        54.65
        16384         1000       101.33       102.21       101.82
        32768         1000       245.69       246.35       245.99
        65536          640      1920.17      1922.24      1921.09
       131072          320      4031.50      4033.06      4032.22
       262144          160      8010.13      8011.75      8010.93
       524288           80     15949.08     15950.74     15949.94
      1048576           40     28746.00     28749.96     28748.09
      2097152           20     53413.56     53416.34     53415.01
      4194304           10    100273.03    100274.59    100273.57

#----------------------------------------------------------------
# Benchmarking Allgatherv 
# #processes = 36 
#----------------------------------------------------------------
       #bytes #repetitions  t_min[usec]  t_max[usec]  t_avg[usec]
            0         1000         0.56         0.83         0.60
            1         1000        14.32        16.26        15.58
            2         1000        14.50        16.42        15.74
            4         1000        14.67        16.79        16.06
            8         1000        15.04        17.02        16.43
           16         1000        15.00        17.02        16.37
           32         1000        15.91        17.95        17.37
           64         1000        14.29        17.17        15.88
          128         1000        29.75        33.81        31.58
          256         1000        30.18        37.22        33.40
          512         1000        35.12        39.96        37.67
         1024         1000        47.09        50.96        48.81
         2048         1000        48.52        56.77        52.88
         4096         1000        62.55        72.84        68.11
         8192         1000        92.88       110.33       102.64
        16384         1000       162.24       213.41       185.64
        32768         1000       288.25       393.19       338.31
        65536          640       643.99       888.51       765.07
       131072          320      2926.73      3241.86      3108.70
       262144          160      5953.93      6565.02      6301.50
       524288           80     12241.33     13434.01     12855.77
      1048576           40     24423.16     25785.93     25106.27
      2097152           20     48558.76     50357.24     49596.85
      4194304           10     97166.39     99828.52     98724.58


# All processes entering MPI_Finalize

