#------------------------------------------------------------
#    Intel (R) MPI Benchmarks 2018, MPI-1 part    
#------------------------------------------------------------
# Date                  : Thu Mar  7 12:00:18 2019
# Machine               : x86_64
# System                : Linux
# Release               : 3.10.0-327.36.3.el7.x86_64
# Version               : #1 SMP Mon Oct 24 16:09:20 UTC 2016
# MPI Version           : 3.1
# MPI Thread Environment: 


# Calling sequence was: 

# /lustre/home/z04/aturner/benchmark/imb/mpi-benchmarks/src/IMB-MPI1_mpt216 -npmin 288 PingPong Alltoallv Allgatherv

# Minimum message length in bytes:   0
# Maximum message length in bytes:   4194304
#
# MPI_Datatype                   :   MPI_BYTE 
# MPI_Datatype for reductions    :   MPI_FLOAT
# MPI_Op                         :   MPI_SUM  
#
#

# List of Benchmarks to run:

# PingPong
# Alltoallv
# Allgatherv

#---------------------------------------------------
# Benchmarking PingPong 
# #processes = 2 
# ( 286 additional processes waiting in MPI_Barrier)
#---------------------------------------------------
       #bytes #repetitions      t[usec]   Mbytes/sec
            0         1000         0.80         0.00
            1         1000         0.75         1.34
            2         1000         0.74         2.69
            4         1000         0.74         5.39
            8         1000         0.72        11.09
           16         1000         0.71        22.62
           32         1000         0.71        44.88
           64         1000         0.67        95.52
          128         1000         0.87       147.39
          256         1000         1.00       256.91
          512         1000         1.02       501.83
         1024         1000         1.18       870.38
         2048         1000         1.34      1528.29
         4096         1000         1.85      2211.51
         8192         1000         2.74      2994.33
        16384         1000         4.48      3657.19
        32768         1000         7.22      4541.07
        65536          640        13.69      4787.76
       131072          320        32.89      3984.92
       262144          160        54.82      4782.05
       524288           80        97.22      5392.71
      1048576           40       178.96      5859.16
      2097152           20       341.82      6135.21
      4194304           10       667.55      6283.08

#----------------------------------------------------------------
# Benchmarking Alltoallv 
# #processes = 288 
#----------------------------------------------------------------
       #bytes #repetitions  t_min[usec]  t_max[usec]  t_avg[usec]
            0         1000         4.00         4.28         4.02
            1         1000       993.73      1265.36      1123.61
            2         1000       995.11      1264.20      1124.59
            4         1000       988.30      1262.20      1121.95
            8         1000       996.96      1259.43      1130.75
           16         1000      1167.57      1409.67      1319.74
           32         1000      1195.86      1430.97      1343.24
           64         1000      1160.18      1429.09      1325.68
          128         1000      1391.46      1972.16      1700.60
          256         1000      1350.56      1941.61      1666.84
          512         1000      1405.39      1839.26      1615.82
         1024         1000      1932.33      2902.32      2690.76
         2048         1000      3172.57      4720.34      4386.14
         4096         1000      6297.69      9411.61      8739.66
         8192          542     12450.88     18407.05     17192.12
        16384          281     25187.39     32896.21     31318.20
        32768          111     75297.57     91284.11     87956.31
        65536           56    166900.96    182211.71    179152.21
       131072           35    218595.55    292496.67    283166.50
       262144           17    427475.95    557206.77    540649.83
       524288            9   2495997.49   2800365.46   2762547.26
      1048576            6  14354350.76  14888459.15  14811549.53
      2097152 out-of-mem.; needed X=   1.126 GB; use flag "-mem X" or MAX_MEM_USAGE>=X (IMB_mem_info.h)
      4194304 out-of-mem.; needed X=   2.251 GB; use flag "-mem X" or MAX_MEM_USAGE>=X (IMB_mem_info.h)

#----------------------------------------------------------------
# Benchmarking Allgatherv 
# #processes = 288 
#----------------------------------------------------------------
       #bytes #repetitions  t_min[usec]  t_max[usec]  t_avg[usec]
            0         1000       129.36       157.20       147.03
            1         1000       151.43       181.30       170.10
            2         1000       160.28       189.67       178.15
            4         1000       160.73       188.67       178.09
            8         1000       161.70       189.41       178.91
           16         1000       161.66       189.67       178.97
           32         1000       162.53       195.62       181.61
           64         1000       165.47       196.70       186.21
          128         1000       179.64       218.98       204.10
          256         1000       192.28       236.83       219.33
          512         1000       261.09       355.94       311.15
         1024         1000       352.58       408.27       383.39
         2048         1000       481.10       612.28       547.44
         4096         1000       909.27      1102.60      1024.73
         8192         1000      1242.43      1711.14      1517.06
        16384         1000      4664.29      5253.29      4864.60
        32768         1000      7394.62      7928.82      7619.87
        65536          640     16252.30     16962.98     16581.80
       131072          320     29309.31     31264.46     30126.78
       262144          160     63674.94     67726.40     64736.66
       524288           49    114704.16    128113.00    120211.67
      1048576           40    228034.34    252798.11    237252.53
      2097152            9  20355143.07  20400526.16  20376056.78
      4194304 out-of-mem.; needed X=   1.130 GB; use flag "-mem X" or MAX_MEM_USAGE>=X (IMB_mem_info.h)


# All processes entering MPI_Finalize

