#------------------------------------------------------------
#    Intel(R) MPI Benchmarks 2019 Update 1, MPI-1 part    
#------------------------------------------------------------
# Date                  : Fri Mar  8 09:32:47 2019
# Machine               : x86_64
# System                : Linux
# Release               : 3.10.0-862.14.4.el7.x86_64
# Version               : #1 SMP Tue Sep 25 14:32:52 CDT 2018
# MPI Version           : 3.1
# MPI Thread Environment: 


# Calling sequence was: 

# ./IMB-MPI1 -mem 1.2 -npmin 512 PingPong Alltoallv Allgatherv 

# Minimum message length in bytes:   0
# Maximum message length in bytes:   4194304
#
# MPI_Datatype                   :   MPI_BYTE 
# MPI_Datatype for reductions    :   MPI_FLOAT 
# MPI_Op                         :   MPI_SUM  
# 
# 

# List of Benchmarks to run:

# PingPong
# Alltoallv
# Allgatherv

#---------------------------------------------------
# Benchmarking PingPong 
# #processes = 2 
# ( 510 additional processes waiting in MPI_Barrier)
#---------------------------------------------------
       #bytes #repetitions      t[usec]   Mbytes/sec
            0         1000         0.57         0.00
            1         1000         0.68         1.46
            2         1000         0.64         3.11
            4         1000         0.63         6.30
            8         1000         0.64        12.47
           16         1000         0.66        24.23
           32         1000         0.65        49.31
           64         1000         0.74        86.83
          128         1000         0.87       146.97
          256         1000         0.87       293.41
          512         1000         0.93       551.13
         1024         1000         1.16       885.01
         2048         1000         1.29      1589.99
         4096         1000         1.71      2389.08
         8192         1000         2.70      3035.71
        16384         1000         4.88      3357.00
        32768         1000         8.33      3933.23
        65536          640         6.06     10806.01
       131072          320         9.93     13197.93
       262144          160        18.30     14327.63
       524288           80        38.18     13733.70
      1048576           40        96.29     10889.96
      2097152           20       233.25      8990.97
      4194304           10       464.05      9038.55

#----------------------------------------------------------------
# Benchmarking Alltoallv 
# #processes = 512 
#----------------------------------------------------------------
       #bytes #repetitions  t_min[usec]  t_max[usec]  t_avg[usec]
            0         1000         4.59         4.98         4.72
            1         1000       319.59       334.57       326.39
            2         1000       325.51       356.09       331.25
            4         1000       317.91       331.52       324.15
            8         1000       336.54       349.87       343.34
           16         1000       466.83       496.42       476.68
           32         1000       460.61       488.00       469.75
           64         1000       472.12       489.60       481.95
          128         1000       805.56       831.79       826.89
          256         1000       880.51       900.56       894.28
          512         1000      1862.87      1888.59      1880.14
         1024         1000      3775.78      4113.58      3983.99
         2048         1000      5864.62      6234.01      6186.46
         4096         1000      9676.25      9898.36      9794.14
         8192          487     21460.94     21870.59     21679.90
        16384          264     36361.25     36856.29     36664.17
        32768          143     78853.00     80419.72     79650.75
        65536           79    139344.50    142296.75    140767.34
       131072           38    274948.32    282606.71    278480.85
       262144           16    588749.57    597662.70    593446.63
       524288            9   1164663.77   1200633.53   1184453.23
      1048576            5   2206957.96   2257182.03   2237830.03
      2097152 out-of-mem.; needed X=   2.001 GB; use flag "-mem X" or MAX_MEM_USAGE>=X (IMB_mem_info.h)
      4194304 out-of-mem.; needed X=   4.001 GB; use flag "-mem X" or MAX_MEM_USAGE>=X (IMB_mem_info.h)

#----------------------------------------------------------------
# Benchmarking Allgatherv 
# #processes = 512 
#----------------------------------------------------------------
       #bytes #repetitions  t_min[usec]  t_max[usec]  t_avg[usec]
            0         1000         0.85         1.07         0.90
            1         1000        21.88        24.35        23.07
            2         1000        23.42        27.23        25.16
            4         1000        26.47        30.16        27.97
            8         1000        31.40        38.11        34.09
           16         1000        34.88        67.37        52.85
           32         1000        40.27        92.52        74.09
           64         1000        74.53       161.67       124.97
          128         1000       243.64       260.07       250.83
          256         1000       393.45       414.57       402.18
          512         1000       688.86       716.96       698.72
         1024         1000      1273.60      1352.03      1317.44
         2048         1000      2364.52      2494.88      2445.27
         4096         1000      3831.28      4139.30      3980.37
         8192         1000      5681.44      6199.41      5921.71
        16384          901     10257.84     11268.28     10699.65
        32768          442     20902.09     22360.56     21596.46
        65536          327     29108.96     30882.01     30094.46
       131072          160     58997.30     61466.39     60268.00
       262144           92    107879.07    109546.79    108805.96
       524288           51    194577.18    199724.41    197034.81
      1048576           27    372138.90    381214.69    375876.79
      2097152           14    756375.28    771047.58    764042.28
      4194304 out-of-mem.; needed X=   2.005 GB; use flag "-mem X" or MAX_MEM_USAGE>=X (IMB_mem_info.h)


# All processes entering MPI_Finalize

