#------------------------------------------------------------
#    Intel(R) MPI Benchmarks 2019 Update 1, MPI-1 part    
#------------------------------------------------------------
# Date                  : Thu Mar  7 15:37:12 2019
# Machine               : x86_64
# System                : Linux
# Release               : 3.10.0-862.14.4.el7.x86_64
# Version               : #1 SMP Tue Sep 25 14:32:52 CDT 2018
# MPI Version           : 3.1
# MPI Thread Environment: 


# Calling sequence was: 

# ./IMB-MPI1 -npmin 64 PingPong Alltoallv Allgatherv 

# Minimum message length in bytes:   0
# Maximum message length in bytes:   4194304
#
# MPI_Datatype                   :   MPI_BYTE 
# MPI_Datatype for reductions    :   MPI_FLOAT 
# MPI_Op                         :   MPI_SUM  
# 
# 

# List of Benchmarks to run:

# PingPong
# Alltoallv
# Allgatherv

#---------------------------------------------------
# Benchmarking PingPong 
# #processes = 2 
# ( 62 additional processes waiting in MPI_Barrier)
#---------------------------------------------------
       #bytes #repetitions      t[usec]   Mbytes/sec
            0         1000         0.59         0.00
            1         1000         0.70         1.43
            2         1000         0.70         2.86
            4         1000         0.70         5.72
            8         1000         0.72        11.06
           16         1000         0.70        22.74
           32         1000         0.70        45.52
           64         1000         0.78        82.32
          128         1000         0.84       151.49
          256         1000         0.84       302.97
          512         1000         0.91       561.36
         1024         1000         1.11       925.04
         2048         1000         1.29      1591.91
         4096         1000         1.94      2116.27
         8192         1000         2.73      3003.47
        16384         1000         4.68      3498.60
        32768         1000         8.70      3766.64
        65536          640         5.87     11159.37
       131072          320         9.76     13434.79
       262144          160        17.68     14828.83
       524288           80        37.94     13820.01
      1048576           40        96.55     10860.71
      2097152           20       232.85      9006.39
      4194304           10       463.35      9052.04

#----------------------------------------------------------------
# Benchmarking Alltoallv 
# #processes = 64 
#----------------------------------------------------------------
       #bytes #repetitions  t_min[usec]  t_max[usec]  t_avg[usec]
            0         1000         0.72         0.95         0.77
            1         1000        35.91        46.27        43.60
            2         1000        35.90        46.30        43.59
            4         1000        35.83        46.29        43.59
            8         1000        35.88        46.26        43.61
           16         1000        41.64        57.13        52.33
           32         1000        42.37        55.46        51.44
           64         1000        47.91        62.18        58.16
          128         1000        59.02        70.72        68.07
          256         1000        64.65        79.09        76.11
          512         1000        91.29       104.96       102.40
         1024         1000       158.37       176.76       173.14
         2048         1000       301.42       316.76       313.12
         4096         1000       519.88       546.57       537.91
         8192         1000       963.09      1059.18      1038.93
        16384         1000      1309.49      1486.02      1423.29
        32768         1000      2620.29      2989.15      2836.01
        65536          640      5099.98      5709.99      5479.62
       131072          320     10294.73     11175.20     10805.58
       262144          160     20708.48     22251.07     21466.51
       524288           80     42965.50     46664.09     44989.54
      1048576           40     82072.50     96877.26     91192.19
      2097152           20    163899.20    193467.24    181601.97
      4194304           10    327968.55    384167.79    364366.08

#----------------------------------------------------------------
# Benchmarking Allgatherv 
# #processes = 64 
#----------------------------------------------------------------
       #bytes #repetitions  t_min[usec]  t_max[usec]  t_avg[usec]
            0         1000         0.14         0.34         0.17
            1         1000         5.55        15.41        10.48
            2         1000         5.82         9.73         6.39
            4         1000         7.01        11.51         7.62
            8         1000        13.59        21.30        17.17
           16         1000         9.62        16.70        12.16
           32         1000        10.85        12.03        11.30
           64         1000        16.83        17.74        17.22
          128         1000        27.98        28.66        28.26
          256         1000        50.06        51.08        50.61
          512         1000        44.02        65.27        57.09
         1024         1000        95.70       115.70       103.06
         2048         1000       180.03       213.53       202.23
         4096         1000       381.37       467.03       443.96
         8192         1000       641.99       720.84       685.97
        16384         1000      1119.62      1305.47      1202.28
        32768         1000      2214.18      2493.87      2314.40
        65536          640      3704.67      3953.53      3843.70
       131072          320      7550.03      7967.09      7797.59
       262144          160     14171.10     15210.55     14728.13
       524288           80     25386.89     26635.79     26014.94
      1048576           40     48302.01     49958.65     49068.83
      2097152           20     98668.05    109130.87    103807.05
      4194304           10    208848.83    225660.71    216933.58


# All processes entering MPI_Finalize

