#------------------------------------------------------------
#    Intel(R) MPI Benchmarks 2019 Update 1, MPI-1 part    
#------------------------------------------------------------
# Date                  : Fri Mar  8 01:10:54 2019
# Machine               : x86_64
# System                : Linux
# Release               : 3.10.0-862.14.4.el7.x86_64
# Version               : #1 SMP Tue Sep 25 14:32:52 CDT 2018
# MPI Version           : 3.1
# MPI Thread Environment: 


# Calling sequence was: 

# ./IMB-MPI1 -npmin 128 PingPong Alltoallv Allgatherv 

# Minimum message length in bytes:   0
# Maximum message length in bytes:   4194304
#
# MPI_Datatype                   :   MPI_BYTE 
# MPI_Datatype for reductions    :   MPI_FLOAT 
# MPI_Op                         :   MPI_SUM  
# 
# 

# List of Benchmarks to run:

# PingPong
# Alltoallv
# Allgatherv

#---------------------------------------------------
# Benchmarking PingPong 
# #processes = 2 
# ( 126 additional processes waiting in MPI_Barrier)
#---------------------------------------------------
       #bytes #repetitions      t[usec]   Mbytes/sec
            0         1000         0.57         0.00
            1         1000         0.70         1.43
            2         1000         0.70         2.85
            4         1000         0.70         5.72
            8         1000         0.74        10.84
           16         1000         0.70        22.94
           32         1000         0.70        45.58
           64         1000         0.77        83.00
          128         1000         0.85       151.32
          256         1000         0.84       306.04
          512         1000         0.91       564.16
         1024         1000         1.09       942.09
         2048         1000         1.22      1673.31
         4096         1000         1.82      2256.65
         8192         1000         2.78      2941.51
        16384         1000         4.85      3377.04
        32768         1000         8.71      3762.56
        65536          640         6.06     10811.66
       131072          320         9.96     13158.45
       262144          160        17.97     14584.20
       524288           80        38.30     13688.82
      1048576           40        96.11     10909.88
      2097152           20       232.48      9020.94
      4194304           10       462.06      9077.50

#----------------------------------------------------------------
# Benchmarking Alltoallv 
# #processes = 128 
#----------------------------------------------------------------
       #bytes #repetitions  t_min[usec]  t_max[usec]  t_avg[usec]
            0         1000         1.32         1.51         1.36
            1         1000        74.47        83.65        79.67
            2         1000        74.49        83.90        79.79
            4         1000        74.12        83.62        79.56
            8         1000        74.53        84.61        79.95
           16         1000       101.53       117.85       109.48
           32         1000       100.99       117.69       109.18
           64         1000       118.61       137.04       129.28
          128         1000       141.53       152.66       148.94
          256         1000       168.09       183.10       179.15
          512         1000       277.12       305.76       296.00
         1024         1000       506.41       546.28       536.16
         2048         1000       903.52       930.57       918.22
         4096         1000      1645.71      1733.22      1705.43
         8192         1000      3321.43      3401.48      3376.89
        16384         1000      4564.56      4859.20      4758.31
        32768         1000      9088.67      9580.97      9394.81
        65536          519     18501.54     19065.33     18793.38
       131072          266     35905.95     36829.71     36379.96
       262144          121     74670.13     76672.47     75567.96
       524288           64    151871.23    158447.51    155295.51
      1048576           32    299465.12    315882.62    307026.06
      2097152           16    587078.14    617678.33    603214.28
      4194304            8   1160720.53   1223190.64   1195836.10

#----------------------------------------------------------------
# Benchmarking Allgatherv 
# #processes = 128 
#----------------------------------------------------------------
       #bytes #repetitions  t_min[usec]  t_max[usec]  t_avg[usec]
            0         1000         0.26         0.47         0.29
            1         1000        62.99        77.84        71.10
            2         1000         9.16        11.95        10.50
            4         1000        10.60        13.11        11.86
            8         1000        11.62        13.65        12.69
           16         1000        14.43        16.97        15.80
           32         1000        22.64        24.38        23.60
           64         1000        39.95        40.92        40.43
          128         1000        47.87        66.83        58.05
          256         1000        69.10        99.24        86.13
          512         1000       189.32       203.44       194.59
         1024         1000       323.30       340.92       331.23
         2048         1000       574.43       594.20       583.29
         4096         1000       853.48      1021.67       943.41
         8192         1000      1307.50      1492.62      1411.50
        16384         1000      2367.49      2745.60      2539.94
        32768         1000      4682.89      5052.85      4874.81
        65536          640      7393.81      7799.22      7592.81
       131072          320     14397.97     14980.49     14658.03
       262144          160     26119.16     28757.64     27251.49
       524288           80     48177.75     49629.68     48782.64
      1048576           40     92380.74     94663.19     93327.01
      2097152           20    189998.21    193085.17    191275.08
      4194304           10    409064.25    439206.89    422570.91


# All processes entering MPI_Finalize

