#------------------------------------------------------------
#    Intel(R) MPI Benchmarks 2019 Update 1, MPI-1 part    
#------------------------------------------------------------
# Date                  : Thu Mar  7 20:44:29 2019
# Machine               : x86_64
# System                : Linux
# Release               : 3.0.101-0.46.1_1.0502.8871-cray_ari_c
# Version               : #1 SMP Mon Oct 8 17:27:42 UTC 2018
# MPI Version           : 3.1
# MPI Thread Environment: 


# Calling sequence was: 

# /work/z01/z01/aturner/benchmark/imb/mpi-benchmarks/IMB-MPI1 -mem 1.2 -npmin 384 PingPong Alltoallv Allgatherv 

# Minimum message length in bytes:   0
# Maximum message length in bytes:   4194304
#
# MPI_Datatype                   :   MPI_BYTE 
# MPI_Datatype for reductions    :   MPI_FLOAT 
# MPI_Op                         :   MPI_SUM  
# 
# 

# List of Benchmarks to run:

# PingPong
# Alltoallv
# Allgatherv

#---------------------------------------------------
# Benchmarking PingPong 
# #processes = 2 
# ( 382 additional processes waiting in MPI_Barrier)
#---------------------------------------------------
       #bytes #repetitions      t[usec]   Mbytes/sec
            0         1000         0.27         0.00
            1         1000         0.29         3.47
            2         1000         0.29         6.90
            4         1000         0.29        13.67
            8         1000         0.30        26.84
           16         1000         0.30        52.63
           32         1000         0.31       102.73
           64         1000         0.31       203.82
          128         1000         0.41       309.88
          256         1000         0.41       618.34
          512         1000         0.45      1137.74
         1024         1000         0.51      1992.10
         2048         1000         0.68      3029.43
         4096         1000         1.00      4098.25
         8192         1000         1.47      5588.31
        16384         1000         1.83      8972.97
        32768         1000         2.73     12024.93
        65536          640         4.13     15850.96
       131072          320         8.21     15960.25
       262144          160        23.25     11273.79
       524288           80        45.21     11596.31
      1048576           40        89.37     11733.60
      2097152           20       177.72     11800.10
      4194304           10       361.56     11600.52

#----------------------------------------------------------------
# Benchmarking Alltoallv 
# #processes = 384 
#----------------------------------------------------------------
       #bytes #repetitions  t_min[usec]  t_max[usec]  t_avg[usec]
            0         1000        19.45        20.25        19.67
            1         1000       522.64       524.25       523.60
            2         1000       429.26       430.66       429.98
            4         1000       528.15       529.19       528.71
            8         1000       437.18       438.23       437.79
           16         1000       472.17       473.29       472.73
           32         1000       452.89       454.54       453.88
           64         1000       473.69       474.84       474.32
          128         1000       664.77       666.19       665.31
          256         1000      1147.41      1148.68      1148.10
          512         1000      2261.40      2262.31      2261.90
         1024         1000      4260.01      4261.24      4260.69
         2048         1000      6915.29      6917.06      6916.38
         4096          957     10375.49     10376.84     10376.15
         8192          489     20431.89     20435.04     20433.29
        16384          274     37420.93     37423.35     37422.14
        32768          146     69864.40     69869.66     69867.57
        65536           71    142934.16    142939.99    142936.63
       131072           35    293247.36    293262.44    293256.09
       262144           15    566470.64    566476.77    566473.72
       524288            8   1138081.79   1138096.69   1138089.93
      1048576            4   2263522.57   2263590.22   2263568.94
      2097152 out-of-mem.; needed X=   1.501 GB; use flag "-mem X" or MAX_MEM_USAGE>=X (IMB_mem_info.h)
      4194304 out-of-mem.; needed X=   3.001 GB; use flag "-mem X" or MAX_MEM_USAGE>=X (IMB_mem_info.h)

#----------------------------------------------------------------
# Benchmarking Allgatherv 
# #processes = 384 
#----------------------------------------------------------------
       #bytes #repetitions  t_min[usec]  t_max[usec]  t_avg[usec]
            0         1000         0.74         0.89         0.79
            1         1000        72.80       119.51        94.00
            2         1000        38.96        50.97        44.72
            4         1000        43.60        59.16        50.89
            8         1000        50.61        69.24        61.01
           16         1000        59.03        80.00        71.32
           32         1000        59.95        86.77        71.91
           64         1000       127.92       185.70       155.85
          128         1000       139.71       198.58       168.63
          256         1000       212.21       280.58       241.90
          512         1000       441.33       577.27       502.27
         1024         1000       603.27       826.26       692.31
         2048         1000      1420.10      2027.70      1677.65
         4096         1000      1840.17      2585.24      2164.09
         8192          744     12730.83     15236.22     13733.93
        16384          531     15456.43     18123.86     16592.50
        32768          490     18875.24     21549.17     19958.73
        65536          369     26043.56     29425.17     27440.49
       131072          228     42562.55     46631.65     44222.46
       262144          128     70287.79     73646.24     71772.88
       524288           74    130860.40    136474.23    133204.20
      1048576           33    292642.77    302586.48    297994.88
      2097152           10    612526.80    632729.89    621833.29
      4194304 out-of-mem.; needed X=   1.505 GB; use flag "-mem X" or MAX_MEM_USAGE>=X (IMB_mem_info.h)


# All processes entering MPI_Finalize

Application 33843810 resources: utime ~89536s, stime ~2665s, Rss ~833468, inblocks ~377347, outblocks ~4739197
