#------------------------------------------------------------
#    Intel(R) MPI Benchmarks 2019 Update 1, MPI-1 part    
#------------------------------------------------------------
# Date                  : Thu Mar  7 20:40:33 2019
# Machine               : x86_64
# System                : Linux
# Release               : 3.0.101-0.46.1_1.0502.8871-cray_ari_c
# Version               : #1 SMP Mon Oct 8 17:27:42 UTC 2018
# MPI Version           : 3.1
# MPI Thread Environment: 


# Calling sequence was: 

# /work/z01/z01/aturner/benchmark/imb/mpi-benchmarks/IMB-MPI1 -mem 1.2 -npmin 192 PingPong Alltoallv Allgatherv 

# Minimum message length in bytes:   0
# Maximum message length in bytes:   4194304
#
# MPI_Datatype                   :   MPI_BYTE 
# MPI_Datatype for reductions    :   MPI_FLOAT 
# MPI_Op                         :   MPI_SUM  
# 
# 

# List of Benchmarks to run:

# PingPong
# Alltoallv
# Allgatherv

#---------------------------------------------------
# Benchmarking PingPong 
# #processes = 2 
# ( 190 additional processes waiting in MPI_Barrier)
#---------------------------------------------------
       #bytes #repetitions      t[usec]   Mbytes/sec
            0         1000         0.33         0.00
            1         1000         0.34         2.95
            2         1000         0.34         5.95
            4         1000         0.34        11.77
            8         1000         0.35        22.83
           16         1000         0.36        44.44
           32         1000         0.36        88.13
           64         1000         0.41       157.44
          128         1000         0.45       284.43
          256         1000         0.45       563.20
          512         1000         0.48      1071.06
         1024         1000         0.55      1864.94
         2048         1000         0.71      2902.99
         4096         1000         1.02      4031.41
         8192         1000         1.49      5498.00
        16384         1000         1.86      8789.90
        32768         1000         2.82     11634.06
        65536          640         4.11     15963.15
       131072          320         8.32     15759.37
       262144          160        23.35     11225.23
       524288           80        45.19     11602.43
      1048576           40        89.46     11721.09
      2097152           20       178.10     11775.22
      4194304           10       360.55     11633.12

#----------------------------------------------------------------
# Benchmarking Alltoallv 
# #processes = 192 
#----------------------------------------------------------------
       #bytes #repetitions  t_min[usec]  t_max[usec]  t_avg[usec]
            0         1000        14.52        15.92        15.32
            1         1000       284.71       285.77       285.21
            2         1000       219.83       220.32       220.11
            4         1000       298.25       298.92       298.57
            8         1000       243.35       243.74       243.56
           16         1000       244.27       245.21       244.78
           32         1000       288.48       289.25       288.83
           64         1000       242.34       243.01       242.77
          128         1000       245.09       245.76       245.45
          256         1000       361.17       361.87       361.55
          512         1000       582.44       583.13       582.77
         1024         1000      1238.08      1239.04      1238.44
         2048         1000      2686.88      2688.69      2687.43
         4096         1000      4591.07      4592.21      4591.57
         8192         1000      8367.91      8370.66      8369.04
        16384          683     14508.24     14510.75     14509.35
        32768          361     27814.05     27816.91     27815.55
        65536          176     57976.51     57982.83     57979.97
       131072           87    117044.26    117049.10    117046.48
       262144           42    239919.60    239923.74    239921.24
       524288           21    485127.47    485132.48    485129.54
      1048576            9    977184.03    977189.81    977187.39
      2097152            5   2022627.02   2022654.34   2022641.41
      4194304 out-of-mem.; needed X=   1.501 GB; use flag "-mem X" or MAX_MEM_USAGE>=X (IMB_mem_info.h)

#----------------------------------------------------------------
# Benchmarking Allgatherv 
# #processes = 192 
#----------------------------------------------------------------
       #bytes #repetitions  t_min[usec]  t_max[usec]  t_avg[usec]
            0         1000         0.42         0.55         0.45
            1         1000        22.22        26.91        24.88
            2         1000        21.43        27.31        24.62
            4         1000        22.83        28.45        26.10
            8         1000        23.13        29.86        27.03
           16         1000        31.69        47.47        41.18
           32         1000        37.69        55.35        48.71
           64         1000        48.28        79.24        64.63
          128         1000        59.45        87.31        76.86
          256         1000        95.04       133.20       119.36
          512         1000       178.36       232.56       200.99
         1024         1000       288.55       382.75       326.64
         2048         1000       523.42       718.43       631.52
         4096         1000       806.93      1163.51      1010.05
         8192         1000      5559.65      6977.73      6243.68
        16384         1000      6703.16      8260.37      7451.04
        32768         1000      8628.91     10460.64      9483.74
        65536          640     11514.85     13762.34     12600.37
       131072          320     18530.97     20733.13     19705.93
       262144          160     37794.31     40534.76     38959.46
       524288           80     66114.73     71066.97     68376.94
      1048576           40    143974.52    150113.81    147087.01
      2097152           20    298325.23    315193.59    307674.72
      4194304            9    609666.27    628095.73    619723.03


# All processes entering MPI_Finalize

Application 33843769 resources: utime ~38624s, stime ~1371s, Rss ~832840, inblocks ~267697, outblocks ~1930013
