#------------------------------------------------------------
#    Intel(R) MPI Benchmarks 2019 Update 1, MPI-1 part    
#------------------------------------------------------------
# Date                  : Thu Mar  7 20:19:47 2019
# Machine               : x86_64
# System                : Linux
# Release               : 3.0.101-0.46.1_1.0502.8871-cray_ari_c
# Version               : #1 SMP Mon Oct 8 17:27:42 UTC 2018
# MPI Version           : 3.1
# MPI Thread Environment: 


# Calling sequence was: 

# /work/z01/z01/aturner/benchmark/imb/mpi-benchmarks/IMB-MPI1 -mem 1.2 -npmin 24 PingPong Alltoallv Allgatherv 

# Minimum message length in bytes:   0
# Maximum message length in bytes:   4194304
#
# MPI_Datatype                   :   MPI_BYTE 
# MPI_Datatype for reductions    :   MPI_FLOAT 
# MPI_Op                         :   MPI_SUM  
# 
# 

# List of Benchmarks to run:

# PingPong
# Alltoallv
# Allgatherv

#---------------------------------------------------
# Benchmarking PingPong 
# #processes = 2 
# ( 22 additional processes waiting in MPI_Barrier)
#---------------------------------------------------
       #bytes #repetitions      t[usec]   Mbytes/sec
            0         1000         0.31         0.00
            1         1000         0.32         3.13
            2         1000         0.32         6.20
            4         1000         0.35        11.32
            8         1000         0.36        22.35
           16         1000         0.37        43.24
           32         1000         0.37        87.55
           64         1000         0.38       170.44
          128         1000         0.41       311.77
          256         1000         0.43       599.52
          512         1000         0.45      1138.95
         1024         1000         0.54      1907.18
         2048         1000         0.70      2934.22
         4096         1000         1.02      3999.97
         8192         1000         1.00      8200.41
        16384         1000         1.48     11089.15
        32768         1000         2.17     15093.23
        65536          640         3.76     17443.05
       131072          320         7.66     17102.21
       262144          160        22.71     11541.91
       524288           80        44.65     11742.21
      1048576           40        88.80     11808.42
      2097152           20       177.10     11841.41
      4194304           10       358.55     11698.10

#----------------------------------------------------------------
# Benchmarking Alltoallv 
# #processes = 24 
#----------------------------------------------------------------
       #bytes #repetitions  t_min[usec]  t_max[usec]  t_avg[usec]
            0         1000         0.46         0.59         0.48
            1         1000        14.55        15.25        14.92
            2         1000        14.56        15.32        14.94
            4         1000        14.52        15.30        14.92
            8         1000        14.51        15.32        14.92
           16         1000        14.55        15.33        14.93
           32         1000        14.59        15.37        14.97
           64         1000        17.35        17.83        17.57
          128         1000        17.73        18.20        17.99
          256         1000        18.26        18.85        18.57
          512         1000        20.49        23.30        22.11
         1024         1000        27.64        33.66        31.03
         2048         1000        37.53        47.78        44.11
         4096         1000        67.86        77.88        74.23
         8192         1000        46.37        48.94        47.71
        16384         1000        64.46        67.58        66.11
        32768         1000       103.43       111.09       107.49
        65536          640       766.06       795.18       779.97
       131072          320      2388.92      2443.50      2406.05
       262144          160      4722.23      4798.85      4756.51
       524288           80      9406.35      9474.46      9454.55
      1048576           40     18792.97     18937.59     18889.83
      2097152           20     37347.13     37833.42     37689.16
      4194304           10     74449.71     75327.56     74934.41

#----------------------------------------------------------------
# Benchmarking Allgatherv 
# #processes = 24 
#----------------------------------------------------------------
       #bytes #repetitions  t_min[usec]  t_max[usec]  t_avg[usec]
            0         1000         0.09         0.22         0.11
            1         1000         3.82         4.82         4.19
            2         1000         3.81         4.84         4.20
            4         1000         3.81         4.81         4.20
            8         1000         3.90         4.99         4.35
           16         1000         3.99         5.04         4.48
           32         1000         4.22         5.20         4.67
           64         1000         4.41         5.61         4.96
          128         1000         4.98         6.76         5.78
          256         1000         6.29         8.34         7.35
          512         1000         9.00        11.40        10.34
         1024         1000        17.38        22.40        20.41
         2048         1000        28.71        37.04        34.09
         4096         1000        36.96        42.72        40.00
         8192         1000        82.55        90.39        85.53
        16384         1000       123.60       137.35       129.03
        32768         1000       210.99       234.82       224.17
        65536          640       393.15       439.90       418.35
       131072          320      1465.53      1592.23      1523.37
       262144          160      3594.93      3907.89      3750.91
       524288           80      7293.03      7820.18      7544.12
      1048576           40     15494.56     16877.70     16297.15
      2097152           20     35309.37     36805.59     35991.73
      4194304           10     76341.32     78112.22     77182.78


# All processes entering MPI_Finalize

Application 33843571 resources: utime ~497s, stime ~21s, Rss ~215600, inblocks ~12704, outblocks ~33916
