#------------------------------------------------------------
#    Intel(R) MPI Benchmarks 2019 Update 1, MPI-1 part    
#------------------------------------------------------------
# Date                  : Thu Mar  7 20:36:38 2019
# Machine               : x86_64
# System                : Linux
# Release               : 3.0.101-0.46.1_1.0502.8871-cray_ari_c
# Version               : #1 SMP Mon Oct 8 17:27:42 UTC 2018
# MPI Version           : 3.1
# MPI Thread Environment: 


# Calling sequence was: 

# /work/z01/z01/aturner/benchmark/imb/mpi-benchmarks/IMB-MPI1 -mem 1.2 -npmin 96 PingPong Alltoallv Allgatherv 

# Minimum message length in bytes:   0
# Maximum message length in bytes:   4194304
#
# MPI_Datatype                   :   MPI_BYTE 
# MPI_Datatype for reductions    :   MPI_FLOAT 
# MPI_Op                         :   MPI_SUM  
# 
# 

# List of Benchmarks to run:

# PingPong
# Alltoallv
# Allgatherv

#---------------------------------------------------
# Benchmarking PingPong 
# #processes = 2 
# ( 94 additional processes waiting in MPI_Barrier)
#---------------------------------------------------
       #bytes #repetitions      t[usec]   Mbytes/sec
            0         1000         0.30         0.00
            1         1000         0.31         3.21
            2         1000         0.31         6.41
            4         1000         0.32        12.64
            8         1000         0.32        25.00
           16         1000         0.34        47.28
           32         1000         0.34        95.36
           64         1000         0.39       164.79
          128         1000         0.40       322.83
          256         1000         0.41       617.63
          512         1000         0.45      1149.31
         1024         1000         0.52      1971.07
         2048         1000         0.68      3032.10
         4096         1000         1.03      3969.01
         8192         1000         1.47      5578.79
        16384         1000         1.88      8731.27
        32768         1000         2.81     11659.23
        65536          640         4.11     15932.79
       131072          320         8.19     16002.35
       262144          160        23.17     11316.21
       524288           80        45.21     11597.84
      1048576           40        89.46     11720.70
      2097152           20       177.92     11787.06
      4194304           10       355.65     11793.38

#----------------------------------------------------------------
# Benchmarking Alltoallv 
# #processes = 96 
#----------------------------------------------------------------
       #bytes #repetitions  t_min[usec]  t_max[usec]  t_avg[usec]
            0         1000         7.66         7.74         7.70
            1         1000       145.13       145.52       145.34
            2         1000       155.95       156.37       156.17
            4         1000       142.64       143.11       142.87
            8         1000       170.31       171.23       170.79
           16         1000       160.05       160.60       160.33
           32         1000       160.50       160.92       160.71
           64         1000       179.50       179.92       179.72
          128         1000       193.24       194.04       193.64
          256         1000       243.94       244.72       244.31
          512         1000       285.56       285.85       285.69
         1024         1000       412.42       412.88       412.63
         2048         1000       768.28       768.67       768.49
         4096         1000      1619.27      1619.59      1619.43
         8192         1000      2937.01      2937.51      2937.24
        16384         1000      4594.92      4595.82      4595.38
        32768         1000      8818.60      8819.37      8818.98
        65536          530     18540.34     18541.04     18540.63
       131072          269     37511.23     37512.85     37512.02
       262144          131     75890.12     75892.38     75891.27
       524288           65    152451.89    152455.49    152453.67
      1048576           33    307586.22    307589.21    307587.61
      2097152           12    664388.91    664393.05    664391.36
      4194304            6   1332030.42   1332034.03   1332032.24

#----------------------------------------------------------------
# Benchmarking Allgatherv 
# #processes = 96 
#----------------------------------------------------------------
       #bytes #repetitions  t_min[usec]  t_max[usec]  t_avg[usec]
            0         1000         0.25         0.37         0.28
            1         1000        16.05        20.76        18.30
            2         1000        15.54        19.84        17.59
            4         1000        17.35        23.53        20.31
            8         1000        18.59        27.08        22.25
           16         1000        18.20        25.98        22.18
           32         1000        21.56        36.48        29.53
           64         1000        37.40        53.71        45.04
          128         1000        49.58        65.18        56.05
          256         1000        61.97        80.57        70.46
          512         1000       162.40       193.84       175.81
         1024         1000       170.49       236.86       201.70
         2048         1000       301.68       475.75       388.37
         4096         1000       427.39       696.52       559.24
         8192         1000      1037.52      1231.97      1125.92
        16384         1000      1473.18      1740.65      1583.18
        32768         1000      2341.69      2789.78      2509.76
        65536          640      4125.48      4580.94      4310.13
       131072          320      7593.12      8168.13      7892.91
       262144          160     15468.02     16244.73     15733.09
       524288           80     32355.81     36929.45     34826.89
      1048576           40     64114.31     66720.15     65496.35
      2097152           20    139279.15    141358.40    140241.25
      4194304           10    300231.36    304805.71    302683.98


# All processes entering MPI_Finalize

Application 33843713 resources: utime ~13062s, stime ~483s, Rss ~810772, inblocks ~89095, outblocks ~136724
