#------------------------------------------------------------
#    Intel(R) MPI Benchmarks 2019 Update 1, MPI-1 part    
#------------------------------------------------------------
# Date                  : Thu Mar  7 20:22:10 2019
# Machine               : x86_64
# System                : Linux
# Release               : 3.0.101-0.46.1_1.0502.8871-cray_ari_c
# Version               : #1 SMP Mon Oct 8 17:27:42 UTC 2018
# MPI Version           : 3.1
# MPI Thread Environment: 


# Calling sequence was: 

# /work/z01/z01/aturner/benchmark/imb/mpi-benchmarks/IMB-MPI1 -mem 1.2 -npmin 48 PingPong Alltoallv Allgatherv 

# Minimum message length in bytes:   0
# Maximum message length in bytes:   4194304
#
# MPI_Datatype                   :   MPI_BYTE 
# MPI_Datatype for reductions    :   MPI_FLOAT 
# MPI_Op                         :   MPI_SUM  
# 
# 

# List of Benchmarks to run:

# PingPong
# Alltoallv
# Allgatherv

#---------------------------------------------------
# Benchmarking PingPong 
# #processes = 2 
# ( 46 additional processes waiting in MPI_Barrier)
#---------------------------------------------------
       #bytes #repetitions      t[usec]   Mbytes/sec
            0         1000         0.33         0.00
            1         1000         0.34         2.95
            2         1000         0.33         6.04
            4         1000         0.35        11.45
            8         1000         0.36        22.53
           16         1000         0.39        41.18
           32         1000         0.39        81.12
           64         1000         0.41       157.63
          128         1000         0.43       299.09
          256         1000         0.43       591.92
          512         1000         0.47      1089.26
         1024         1000         0.56      1813.75
         2048         1000         0.71      2868.57
         4096         1000         1.02      4015.86
         8192         1000         1.50      5472.17
        16384         1000         1.86      8787.10
        32768         1000         2.81     11680.03
        65536          640         4.36     15022.57
       131072          320         9.03     14508.42
       262144          160        22.56     11620.44
       524288           80        45.14     11615.45
      1048576           40        89.37     11732.43
      2097152           20       177.80     11794.96
      4194304           10       363.90     11526.03

#----------------------------------------------------------------
# Benchmarking Alltoallv 
# #processes = 48 
#----------------------------------------------------------------
       #bytes #repetitions  t_min[usec]  t_max[usec]  t_avg[usec]
            0         1000         6.71         6.78         6.73
            1         1000        87.46        87.68        87.56
            2         1000       117.43       117.69       117.55
            4         1000       105.19       105.41       105.31
            8         1000       107.48       107.72       107.60
           16         1000       121.19       121.41       121.31
           32         1000        96.38        96.57        96.47
           64         1000        99.97       100.23       100.10
          128         1000       113.56       113.75       113.66
          256         1000       115.80       116.02       115.91
          512         1000       164.67       164.83       164.74
         1024         1000       186.30       186.61       186.44
         2048         1000       359.16       359.45       359.30
         4096         1000       569.29       569.55       569.42
         8192         1000       937.27       937.61       937.44
        16384         1000      1560.15      1560.70      1560.43
        32768         1000      2810.10      2810.42      2810.22
        65536          640      5739.96      5741.13      5740.45
       131072          320     11730.44     11731.99     11731.22
       262144          160     23371.20     23372.54     23371.83
       524288           80     47250.21     47251.22     47250.79
      1048576           40     95762.14     95762.99     95762.58
      2097152           20    192293.66    192294.69    192294.06
      4194304           10    391166.21    391167.52    391166.73

#----------------------------------------------------------------
# Benchmarking Allgatherv 
# #processes = 48 
#----------------------------------------------------------------
       #bytes #repetitions  t_min[usec]  t_max[usec]  t_avg[usec]
            0         1000         0.16         0.29         0.18
            1         1000        11.36        13.26        12.16
            2         1000        13.70        15.61        14.50
            4         1000        14.51        16.26        15.26
            8         1000        14.73        16.50        15.52
           16         1000        11.48        13.50        12.39
           32         1000        16.28        18.17        17.18
           64         1000        18.39        20.57        19.43
          128         1000        38.47        41.52        39.80
          256         1000        32.44        39.69        35.17
          512         1000        68.71        78.56        73.10
         1024         1000       144.60       157.15       151.16
         2048         1000       106.53       164.24       137.03
         4096         1000       165.86       257.95       214.75
         8192         1000       459.74       564.69       505.08
        16384         1000       776.75       931.07       845.89
        32768         1000       778.92       928.82       846.83
        65536          640      1745.17      1893.67      1791.43
       131072          320      3905.21      4148.94      4015.73
       262144          160      7652.09      8137.16      7868.42
       524288           80     15178.36     16137.09     15700.88
      1048576           40     30856.28     33415.68     32399.88
      2097152           20     69803.06     71144.43     70283.74
      4194304           10    149111.08    152072.19    150821.27


# All processes entering MPI_Finalize

Application 33843587 resources: utime ~3108s, stime ~103s, Rss ~417396, inblocks ~41038, outblocks ~68184
